<?xml version="1.0" encoding="UTF-8"?>
<testsuite name="TaskUnitTest" tests="8" skipped="0" failures="0" errors="0" timestamp="2015-08-19T23:30:00" hostname="epicodus-114.local" time="0.016">
  <properties/>
  <testcase name="find_returnsNullWhenNoTaskFound_null" classname="TaskUnitTest" time="0.001"/>
  <testcase name="clear_emptiesAllTasksFromArrayList" classname="TaskUnitTest" time="0.013"/>
  <testcase name="isCompleted_isFalseAfterInstantiaon_false" classname="TaskUnitTest" time="0.0"/>
  <testcase name="todolist_instantiatesCorrectly_true" classname="TaskUnitTest" time="0.0"/>
  <testcase name="getCreateAt_instantiatesWithCurrentTime_today" classname="TaskUnitTest" time="0.0"/>
  <testcase name="newId_tasksInstantiateWithAnID_true" classname="TaskUnitTest" time="0.0"/>
  <testcase name="all_returnsAllInstancesOfTask_true" classname="TaskUnitTest" time="0.001"/>
  <testcase name="todolist_instantiatesWithDescription_true" classname="TaskUnitTest" time="0.0"/>
  <system-out><![CDATA[]]></system-out>
  <system-err><![CDATA[]]></system-err>
</testsuite>
