<?xml version="1.0" encoding="UTF-8"?>
<testsuite name="AppIntegrationTest" tests="1" skipped="0" failures="0" errors="0" timestamp="2015-08-19T23:30:00" hostname="epicodus-114.local" time="0.248">
  <properties/>
  <testcase name="rootTest" classname="AppIntegrationTest" time="0.248"/>
  <system-out><![CDATA[]]></system-out>
  <system-err><![CDATA[[Thread-4] INFO spark.webserver.SparkServer - == Spark has ignited ...
[Thread-4] INFO spark.webserver.SparkServer - >> Listening on 0.0.0.0:4567
[Thread-4] INFO org.eclipse.jetty.server.Server - jetty-9.0.2.v20130417
[Thread-4] INFO org.eclipse.jetty.server.ServerConnector - Started ServerConnector@39579584{HTTP/1.1}{0.0.0.0:4567}
[Test worker] INFO spark.webserver.SparkServer - >>> Spark shutting down ...
[Test worker] INFO org.eclipse.jetty.server.Server - Graceful shutdown org.eclipse.jetty.server.Server@7367d41e by 
[Test worker] INFO org.eclipse.jetty.server.ServerConnector - Stopped ServerConnector@39579584{HTTP/1.1}{0.0.0.0:4567}
[Test worker] INFO spark.webserver.SparkServer - done
]]></system-err>
</testsuite>
